<?xml version="1.0" encoding="UTF-8"?>
<!-- Generated by org.testng.reporters.JUnitXMLReporter -->
<testsuite hostname="INHYNRCHIMMIRI1" ignored="0" name="Test" tests="3" failures="1" timestamp="26 Dec 2019 07:39:19 GMT" time="36.641" errors="0">
  <testcase name="basis2" time="1.258" classname="Academy.assertstest">
    <failure type="java.lang.AssertionError" message="expected [Infor Expense Management12] but found [Infor Expense Management]">
      <![CDATA[java.lang.AssertionError: expected [Infor Expense Management12] but found [Infor Expense Management]
at Academy.assertstest.basis2(assertstest.java:25)
... Removed 35 stack frames]]>
    </failure>
  </testcase> <!-- basis2 -->
  <testcase name="basis1" time="14.32" classname="Academy.firstTest"/>
  <testcase name="basis1" time="11.933" classname="Academy.firstTest"/>
</testsuite> <!-- Test -->
