-------------------------------------------------------------------------------
Test set: TestSuite
-------------------------------------------------------------------------------
Tests run: 3, Failures: 1, Errors: 0, Skipped: 0, Time elapsed: 43.679 s <<< FAILURE! - in TestSuite
Academy.assertstest.basis2  Time elapsed: 1.888 s  <<< FAILURE!
java.lang.AssertionError: expected [Infor Expense Management12] but found [Infor Expense Management]
	at Academy.assertstest.basis2(assertstest.java:25)

